<?xml version="1.0" encoding="UTF-8"?>
<testng-results ignored="0" total="1" passed="1" failed="0" skipped="0">
  <reporter-output>
  </reporter-output>
  <suite started-at="2021-05-26T21:42:54 IST" name="Default suite" finished-at="2021-05-26T21:42:57 IST" duration-ms="3557">
    <groups>
    </groups>
    <test started-at="2021-05-26T21:42:54 IST" name="Default test" finished-at="2021-05-26T21:42:57 IST" duration-ms="3557">
      <class name="DeSerializingTests.DeserializeTest">
        <test-method signature="DeserializationTest()[pri:0, instance:DeSerializingTests.DeserializeTest@28f2a10f]" started-at="2021-05-26T21:42:54 IST" name="DeserializationTest" finished-at="2021-05-26T21:42:57 IST" duration-ms="3514" status="PASS">
          <reporter-output>
          </reporter-output>
        </test-method> <!-- DeserializationTest -->
      </class> <!-- DeSerializingTests.DeserializeTest -->
    </test> <!-- Default test -->
  </suite> <!-- Default suite -->
</testng-results>
